{"meta": {"version": "6.2", "timestamp": "2021-12-08T02:18:14.389439", "branch_coverage": true, "show_contexts": false}, "files": {"examples/obj_example.py": {"executed_lines": [6, 7, 18], "summary": {"covered_lines": 3, "num_statements": 22, "percent_covered": 10.714285714285714, "percent_covered_display": "11", "missing_lines": 19, "excluded_lines": 0, "num_branches": 6, "num_partial_branches": 0, "covered_branches": 0, "missing_branches": 6}, "missing_lines": [1, 4, 5, 9, 10, 12, 13, 16, 17, 20, 21, 22, 23, 24, 25, 28, 29, 32, 33], "excluded_lines": []}}, "totals": {"covered_lines": 3, "num_statements": 22, "percent_covered": 10.714285714285714, "percent_covered_display": "11", "missing_lines": 19, "excluded_lines": 0, "num_branches": 6, "num_partial_branches": 0, "covered_branches": 0, "missing_branches": 6}}