{"meta": {"version": "6.2", "timestamp": "2021-12-06T02:15:14.574329", "branch_coverage": true, "show_contexts": false}, "files": {"examples/queue_example.py": {"executed_lines": [13, 14, 15, 16, 17, 47], "summary": {"covered_lines": 6, "num_statements": 33, "percent_covered": 13.953488372093023, "percent_covered_display": "14", "missing_lines": 27, "excluded_lines": 0, "num_branches": 10, "num_partial_branches": 0, "covered_branches": 0, "missing_branches": 10}, "missing_lines": [7, 8, 11, 12, 19, 20, 22, 23, 25, 26, 27, 28, 29, 30, 31, 32, 33, 35, 36, 37, 38, 39, 40, 41, 42, 43, 46], "excluded_lines": []}}, "totals": {"covered_lines": 6, "num_statements": 33, "percent_covered": 13.953488372093023, "percent_covered_display": "14", "missing_lines": 27, "excluded_lines": 0, "num_branches": 10, "num_partial_branches": 0, "covered_branches": 0, "missing_branches": 10}}