{"meta": {"version": "6.2", "timestamp": "2021-12-04T20:56:57.657502", "branch_coverage": false, "show_contexts": false}, "files": {"example.py": {"executed_lines": [5, 7, 10], "summary": {"covered_lines": 3, "num_statements": 6, "percent_covered": 50.0, "percent_covered_display": "50", "missing_lines": 3, "excluded_lines": 0}, "missing_lines": [4, 6, 8], "excluded_lines": []}}, "totals": {"covered_lines": 3, "num_statements": 6, "percent_covered": 50.0, "percent_covered_display": "50", "missing_lines": 3, "excluded_lines": 0}}