{"meta": {"version": "6.2", "timestamp": "2021-12-04T21:46:04.059082", "branch_coverage": false, "show_contexts": false}, "files": {"example.py": {"executed_lines": [4, 5, 7, 10], "summary": {"covered_lines": 4, "num_statements": 6, "percent_covered": 66.66666666666667, "percent_covered_display": "67", "missing_lines": 2, "excluded_lines": 0}, "missing_lines": [6, 8], "excluded_lines": []}}, "totals": {"covered_lines": 4, "num_statements": 6, "percent_covered": 66.66666666666667, "percent_covered_display": "67", "missing_lines": 2, "excluded_lines": 0}}